0 info it worked if it ends with ok
1 verbose cli [ 'node', '/usr/local/opt/nvm/v0.10.24/bin/npm', 'start' ]
2 info using npm@2.8.4
3 info using node@v0.10.24
4 verbose node symlink /usr/local/opt/nvm/v0.10.24/bin/node
5 verbose run-script [ 'prestart', 'start', 'poststart' ]
6 info prestart LabManger@1.0.0
7 info start LabManger@1.0.0
8 verbose unsafe-perm in lifecycle true
9 info LabManger@1.0.0 Failed to exec start script
10 verbose stack Error: LabManger@1.0.0 start: `gulp`
10 verbose stack Exit status 8
10 verbose stack     at EventEmitter.<anonymous> (/usr/local/Cellar/nvm/0.24.1/v0.10.24/lib/node_modules/npm/lib/utils/lifecycle.js:213:16)
10 verbose stack     at EventEmitter.emit (events.js:98:17)
10 verbose stack     at ChildProcess.<anonymous> (/usr/local/Cellar/nvm/0.24.1/v0.10.24/lib/node_modules/npm/lib/utils/spawn.js:24:14)
10 verbose stack     at ChildProcess.EventEmitter.emit (events.js:98:17)
10 verbose stack     at maybeClose (child_process.js:735:16)
10 verbose stack     at Process.ChildProcess._handle.onexit (child_process.js:802:5)
11 verbose pkgid LabManger@1.0.0
12 verbose cwd /Users/andrew/LabManager/ClientApp
13 error Darwin 14.3.0
14 error argv "node" "/usr/local/opt/nvm/v0.10.24/bin/npm" "start"
15 error node v0.10.24
16 error npm  v2.8.4
17 error code ELIFECYCLE
18 error LabManger@1.0.0 start: `gulp`
18 error Exit status 8
19 error Failed at the LabManger@1.0.0 start script 'gulp'.
19 error This is most likely a problem with the LabManger package,
19 error not with npm itself.
19 error Tell the author that this fails on your system:
19 error     gulp
19 error You can get their info via:
19 error     npm owner ls LabManger
19 error There is likely additional logging output above.
20 verbose exit [ 1, true ]
