0 info it worked if it ends with ok
1 verbose cli [ 'node', '/usr/local/bin/npm', 'uninstall', 'mongo-express' ]
2 info using npm@1.4.28
3 info using node@v0.10.35
4 verbose node_modules/mongo-express unbuild
5 info preuninstall mongo-express@0.20.0
6 info uninstall mongo-express@0.20.0
7 verbose true,/Users/andrew/LabManager/ServerApp/LabManagerServer/node_modules,/Users/andrew/LabManager/ServerApp/LabManagerServer/node_modules unbuild mongo-express@0.20.0
8 info postuninstall mongo-express@0.20.0
9 error Error: EACCES, unlink '/Users/andrew/LabManager/ServerApp/LabManagerServer/node_modules/mongo-express/node_modules/.bin/express'
9 error  { [Error: EACCES, unlink '/Users/andrew/LabManager/ServerApp/LabManagerServer/node_modules/mongo-express/node_modules/.bin/express']
9 error   errno: 3,
9 error   code: 'EACCES',
9 error   path: '/Users/andrew/LabManager/ServerApp/LabManagerServer/node_modules/mongo-express/node_modules/.bin/express' }
10 error Please try running this command again as root/Administrator.
11 error System Darwin 14.1.0
12 error command "node" "/usr/local/bin/npm" "uninstall" "mongo-express"
13 error cwd /Users/andrew/LabManager/ServerApp/LabManagerServer
14 error node -v v0.10.35
15 error npm -v 1.4.28
16 error path /Users/andrew/LabManager/ServerApp/LabManagerServer/node_modules/mongo-express/node_modules/.bin/express
17 error code EACCES
18 error errno 3
19 error stack Error: EACCES, unlink '/Users/andrew/LabManager/ServerApp/LabManagerServer/node_modules/mongo-express/node_modules/.bin/express'
20 verbose exit [ 3, true ]
